[2019-06-03 15:30:49] local.ERROR: Maximum execution time of 60 seconds exceeded {"exception":"[object] (Symfony\\Component\\Debug\\Exception\\FatalErrorException(code: 1): Maximum execution time of 60 seconds exceeded at C:\\xampp\\htdocs\\blog_sistem\\vendor\\laravel\\framework\\src\\Illuminate\\Database\\Eloquent\\Model.php:20)
[stacktrace]
#0 {main}
"} 
[2019-06-03 15:32:39] local.ERROR: Maximum execution time of 60 seconds exceeded {"userId":1,"exception":"[object] (Symfony\\Component\\Debug\\Exception\\FatalErrorException(code: 1): Maximum execution time of 60 seconds exceeded at C:\\xampp\\htdocs\\blog_sistem\\vendor\\laravel\\framework\\src\\Illuminate\\View\\Compilers\\Concerns\\CompilesEchos.php:5)
[stacktrace]
#0 {main}
"} 
[2019-06-03 15:35:08] local.ERROR: include(C:\xampp\htdocs\blog_sistem\vendor\composer/../nesbot/carbon/src/Carbon/Laravel/ServiceProvider.php): failed to open stream: No such file or directory {"exception":"[object] (ErrorException(code: 0): include(C:\\xampp\\htdocs\\blog_sistem\\vendor\\composer/../nesbot/carbon/src/Carbon/Laravel/ServiceProvider.php): failed to open stream: No such file or directory at C:\\xampp\\htdocs\\blog_sistem\\vendor\\composer\\ClassLoader.php:444)
[stacktrace]
#0 C:\\xampp\\htdocs\\blog_sistem\\vendor\\composer\\ClassLoader.php(444): Illuminate\\Foundation\\Bootstrap\\HandleExceptions->handleError(2, 'include(C:\\\\xamp...', 'C:\\\\xampp\\\\htdocs...', 444, Array)
#1 C:\\xampp\\htdocs\\blog_sistem\\vendor\\composer\\ClassLoader.php(444): include()
#2 C:\\xampp\\htdocs\\blog_sistem\\vendor\\composer\\ClassLoader.php(322): Composer\\Autoload\\includeFile('C:\\\\xampp\\\\htdocs...')
#3 [internal function]: Composer\\Autoload\\ClassLoader->loadClass('Carbon\\\\Laravel\\\\...')
#4 C:\\xampp\\htdocs\\blog_sistem\\vendor\\laravel\\framework\\src\\Illuminate\\Foundation\\Application.php(660): spl_autoload_call('Carbon\\\\Laravel\\\\...')
#5 C:\\xampp\\htdocs\\blog_sistem\\vendor\\laravel\\framework\\src\\Illuminate\\Foundation\\Application.php(594): Illuminate\\Foundation\\Application->resolveProvider('Carbon\\\\Laravel\\\\...')
#6 C:\\xampp\\htdocs\\blog_sistem\\vendor\\laravel\\framework\\src\\Illuminate\\Foundation\\ProviderRepository.php(75): Illuminate\\Foundation\\Application->register('Carbon\\\\Laravel\\\\...')
#7 C:\\xampp\\htdocs\\blog_sistem\\vendor\\laravel\\framework\\src\\Illuminate\\Foundation\\Application.php(574): Illuminate\\Foundation\\ProviderRepository->load(Array)
#8 C:\\xampp\\htdocs\\blog_sistem\\vendor\\laravel\\framework\\src\\Illuminate\\Foundation\\Bootstrap\\RegisterProviders.php(17): Illuminate\\Foundation\\Application->registerConfiguredProviders()
#9 C:\\xampp\\htdocs\\blog_sistem\\vendor\\laravel\\framework\\src\\Illuminate\\Foundation\\Application.php(210): Illuminate\\Foundation\\Bootstrap\\RegisterProviders->bootstrap(Object(Illuminate\\Foundation\\Application))
#10 C:\\xampp\\htdocs\\blog_sistem\\vendor\\laravel\\framework\\src\\Illuminate\\Foundation\\Http\\Kernel.php(162): Illuminate\\Foundation\\Application->bootstrapWith(Array)
#11 C:\\xampp\\htdocs\\blog_sistem\\vendor\\laravel\\framework\\src\\Illuminate\\Foundation\\Http\\Kernel.php(146): Illuminate\\Foundation\\Http\\Kernel->bootstrap()
#12 C:\\xampp\\htdocs\\blog_sistem\\vendor\\laravel\\framework\\src\\Illuminate\\Foundation\\Http\\Kernel.php(116): Illuminate\\Foundation\\Http\\Kernel->sendRequestThroughRouter(Object(Illuminate\\Http\\Request))
#13 C:\\xampp\\htdocs\\blog_sistem\\public\\index.php(55): Illuminate\\Foundation\\Http\\Kernel->handle(Object(Illuminate\\Http\\Request))
#14 C:\\xampp\\htdocs\\blog_sistem\\server.php(21): require_once('C:\\\\xampp\\\\htdocs...')
#15 {main}
"} 
[2019-06-03 15:35:10] local.ERROR: Maximum execution time of 60 seconds exceeded {"exception":"[object] (Symfony\\Component\\Debug\\Exception\\FatalErrorException(code: 1): Maximum execution time of 60 seconds exceeded at C:\\xampp\\htdocs\\blog_sistem\\vendor\\symfony\\finder\\Comparator\\NumberComparator.php:35)
[stacktrace]
#0 {main}
"} 
[2019-06-03 15:35:34] local.ERROR: include(C:\xampp\htdocs\blog_sistem\vendor\composer/../nesbot/carbon/src/Carbon/Laravel/ServiceProvider.php): failed to open stream: No such file or directory {"exception":"[object] (ErrorException(code: 0): include(C:\\xampp\\htdocs\\blog_sistem\\vendor\\composer/../nesbot/carbon/src/Carbon/Laravel/ServiceProvider.php): failed to open stream: No such file or directory at C:\\xampp\\htdocs\\blog_sistem\\vendor\\composer\\ClassLoader.php:444)
[stacktrace]
#0 C:\\xampp\\htdocs\\blog_sistem\\vendor\\composer\\ClassLoader.php(444): Illuminate\\Foundation\\Bootstrap\\HandleExceptions->handleError(2, 'include(C:\\\\xamp...', 'C:\\\\xampp\\\\htdocs...', 444, Array)
#1 C:\\xampp\\htdocs\\blog_sistem\\vendor\\composer\\ClassLoader.php(444): include()
#2 C:\\xampp\\htdocs\\blog_sistem\\vendor\\composer\\ClassLoader.php(322): Composer\\Autoload\\includeFile('C:\\\\xampp\\\\htdocs...')
#3 [internal function]: Composer\\Autoload\\ClassLoader->loadClass('Carbon\\\\Laravel\\\\...')
#4 C:\\xampp\\htdocs\\blog_sistem\\vendor\\laravel\\framework\\src\\Illuminate\\Foundation\\Application.php(660): spl_autoload_call('Carbon\\\\Laravel\\\\...')
#5 C:\\xampp\\htdocs\\blog_sistem\\vendor\\laravel\\framework\\src\\Illuminate\\Foundation\\Application.php(594): Illuminate\\Foundation\\Application->resolveProvider('Carbon\\\\Laravel\\\\...')
#6 C:\\xampp\\htdocs\\blog_sistem\\vendor\\laravel\\framework\\src\\Illuminate\\Foundation\\ProviderRepository.php(75): Illuminate\\Foundation\\Application->register('Carbon\\\\Laravel\\\\...')
#7 C:\\xampp\\htdocs\\blog_sistem\\vendor\\laravel\\framework\\src\\Illuminate\\Foundation\\Application.php(574): Illuminate\\Foundation\\ProviderRepository->load(Array)
#8 C:\\xampp\\htdocs\\blog_sistem\\vendor\\laravel\\framework\\src\\Illuminate\\Foundation\\Bootstrap\\RegisterProviders.php(17): Illuminate\\Foundation\\Application->registerConfiguredProviders()
#9 C:\\xampp\\htdocs\\blog_sistem\\vendor\\laravel\\framework\\src\\Illuminate\\Foundation\\Application.php(210): Illuminate\\Foundation\\Bootstrap\\RegisterProviders->bootstrap(Object(Illuminate\\Foundation\\Application))
#10 C:\\xampp\\htdocs\\blog_sistem\\vendor\\laravel\\framework\\src\\Illuminate\\Foundation\\Http\\Kernel.php(162): Illuminate\\Foundation\\Application->bootstrapWith(Array)
#11 C:\\xampp\\htdocs\\blog_sistem\\vendor\\laravel\\framework\\src\\Illuminate\\Foundation\\Http\\Kernel.php(146): Illuminate\\Foundation\\Http\\Kernel->bootstrap()
#12 C:\\xampp\\htdocs\\blog_sistem\\vendor\\laravel\\framework\\src\\Illuminate\\Foundation\\Http\\Kernel.php(116): Illuminate\\Foundation\\Http\\Kernel->sendRequestThroughRouter(Object(Illuminate\\Http\\Request))
#13 C:\\xampp\\htdocs\\blog_sistem\\public\\index.php(55): Illuminate\\Foundation\\Http\\Kernel->handle(Object(Illuminate\\Http\\Request))
#14 C:\\xampp\\htdocs\\blog_sistem\\server.php(21): require_once('C:\\\\xampp\\\\htdocs...')
#15 {main}
"} 
[2019-06-03 15:37:18] local.ERROR: include(C:\xampp\htdocs\blog_sistem\vendor\composer/../nesbot/carbon/src/Carbon/Laravel/ServiceProvider.php): failed to open stream: No such file or directory {"exception":"[object] (ErrorException(code: 0): include(C:\\xampp\\htdocs\\blog_sistem\\vendor\\composer/../nesbot/carbon/src/Carbon/Laravel/ServiceProvider.php): failed to open stream: No such file or directory at C:\\xampp\\htdocs\\blog_sistem\\vendor\\composer\\ClassLoader.php:444)
[stacktrace]
#0 C:\\xampp\\htdocs\\blog_sistem\\vendor\\composer\\ClassLoader.php(444): Illuminate\\Foundation\\Bootstrap\\HandleExceptions->handleError(2, 'include(C:\\\\xamp...', 'C:\\\\xampp\\\\htdocs...', 444, Array)
#1 C:\\xampp\\htdocs\\blog_sistem\\vendor\\composer\\ClassLoader.php(444): include()
#2 C:\\xampp\\htdocs\\blog_sistem\\vendor\\composer\\ClassLoader.php(322): Composer\\Autoload\\includeFile('C:\\\\xampp\\\\htdocs...')
#3 [internal function]: Composer\\Autoload\\ClassLoader->loadClass('Carbon\\\\Laravel\\\\...')
#4 C:\\xampp\\htdocs\\blog_sistem\\vendor\\laravel\\framework\\src\\Illuminate\\Foundation\\Application.php(660): spl_autoload_call('Carbon\\\\Laravel\\\\...')
#5 C:\\xampp\\htdocs\\blog_sistem\\vendor\\laravel\\framework\\src\\Illuminate\\Foundation\\Application.php(594): Illuminate\\Foundation\\Application->resolveProvider('Carbon\\\\Laravel\\\\...')
#6 C:\\xampp\\htdocs\\blog_sistem\\vendor\\laravel\\framework\\src\\Illuminate\\Foundation\\ProviderRepository.php(75): Illuminate\\Foundation\\Application->register('Carbon\\\\Laravel\\\\...')
#7 C:\\xampp\\htdocs\\blog_sistem\\vendor\\laravel\\framework\\src\\Illuminate\\Foundation\\Application.php(574): Illuminate\\Foundation\\ProviderRepository->load(Array)
#8 C:\\xampp\\htdocs\\blog_sistem\\vendor\\laravel\\framework\\src\\Illuminate\\Foundation\\Bootstrap\\RegisterProviders.php(17): Illuminate\\Foundation\\Application->registerConfiguredProviders()
#9 C:\\xampp\\htdocs\\blog_sistem\\vendor\\laravel\\framework\\src\\Illuminate\\Foundation\\Application.php(210): Illuminate\\Foundation\\Bootstrap\\RegisterProviders->bootstrap(Object(Illuminate\\Foundation\\Application))
#10 C:\\xampp\\htdocs\\blog_sistem\\vendor\\laravel\\framework\\src\\Illuminate\\Foundation\\Console\\Kernel.php(311): Illuminate\\Foundation\\Application->bootstrapWith(Array)
#11 C:\\xampp\\htdocs\\blog_sistem\\vendor\\laravel\\framework\\src\\Illuminate\\Foundation\\Console\\Kernel.php(120): Illuminate\\Foundation\\Console\\Kernel->bootstrap()
#12 C:\\xampp\\htdocs\\blog_sistem\\artisan(37): Illuminate\\Foundation\\Console\\Kernel->handle(Object(Symfony\\Component\\Console\\Input\\ArgvInput), Object(Symfony\\Component\\Console\\Output\\ConsoleOutput))
#13 {main}
"} 
[2019-06-03 15:37:18] local.ERROR: include(C:\xampp\htdocs\blog_sistem\vendor\composer/../nesbot/carbon/src/Carbon/Laravel/ServiceProvider.php): failed to open stream: No such file or directory {"exception":"[object] (ErrorException(code: 0): include(C:\\xampp\\htdocs\\blog_sistem\\vendor\\composer/../nesbot/carbon/src/Carbon/Laravel/ServiceProvider.php): failed to open stream: No such file or directory at C:\\xampp\\htdocs\\blog_sistem\\vendor\\composer\\ClassLoader.php:444)
[stacktrace]
#0 C:\\xampp\\htdocs\\blog_sistem\\vendor\\composer\\ClassLoader.php(444): Illuminate\\Foundation\\Bootstrap\\HandleExceptions->handleError(2, 'include(C:\\\\xamp...', 'C:\\\\xampp\\\\htdocs...', 444, Array)
#1 C:\\xampp\\htdocs\\blog_sistem\\vendor\\composer\\ClassLoader.php(444): include()
#2 C:\\xampp\\htdocs\\blog_sistem\\vendor\\composer\\ClassLoader.php(322): Composer\\Autoload\\includeFile('C:\\\\xampp\\\\htdocs...')
#3 [internal function]: Composer\\Autoload\\ClassLoader->loadClass('Carbon\\\\Laravel\\\\...')
#4 C:\\xampp\\htdocs\\blog_sistem\\vendor\\laravel\\framework\\src\\Illuminate\\Foundation\\Application.php(660): spl_autoload_call('Carbon\\\\Laravel\\\\...')
#5 C:\\xampp\\htdocs\\blog_sistem\\vendor\\laravel\\framework\\src\\Illuminate\\Foundation\\Application.php(594): Illuminate\\Foundation\\Application->resolveProvider('Carbon\\\\Laravel\\\\...')
#6 C:\\xampp\\htdocs\\blog_sistem\\vendor\\laravel\\framework\\src\\Illuminate\\Foundation\\ProviderRepository.php(75): Illuminate\\Foundation\\Application->register('Carbon\\\\Laravel\\\\...')
#7 C:\\xampp\\htdocs\\blog_sistem\\vendor\\laravel\\framework\\src\\Illuminate\\Foundation\\Application.php(574): Illuminate\\Foundation\\ProviderRepository->load(Array)
#8 C:\\xampp\\htdocs\\blog_sistem\\vendor\\laravel\\framework\\src\\Illuminate\\Foundation\\Bootstrap\\RegisterProviders.php(17): Illuminate\\Foundation\\Application->registerConfiguredProviders()
#9 C:\\xampp\\htdocs\\blog_sistem\\vendor\\laravel\\framework\\src\\Illuminate\\Foundation\\Application.php(210): Illuminate\\Foundation\\Bootstrap\\RegisterProviders->bootstrap(Object(Illuminate\\Foundation\\Application))
#10 C:\\xampp\\htdocs\\blog_sistem\\vendor\\laravel\\framework\\src\\Illuminate\\Foundation\\Http\\Kernel.php(162): Illuminate\\Foundation\\Application->bootstrapWith(Array)
#11 C:\\xampp\\htdocs\\blog_sistem\\vendor\\laravel\\framework\\src\\Illuminate\\Foundation\\Http\\Kernel.php(146): Illuminate\\Foundation\\Http\\Kernel->bootstrap()
#12 C:\\xampp\\htdocs\\blog_sistem\\vendor\\laravel\\framework\\src\\Illuminate\\Foundation\\Http\\Kernel.php(116): Illuminate\\Foundation\\Http\\Kernel->sendRequestThroughRouter(Object(Illuminate\\Http\\Request))
#13 C:\\xampp\\htdocs\\blog_sistem\\public\\index.php(55): Illuminate\\Foundation\\Http\\Kernel->handle(Object(Illuminate\\Http\\Request))
#14 C:\\xampp\\htdocs\\blog_sistem\\server.php(21): require_once('C:\\\\xampp\\\\htdocs...')
#15 {main}
"} 
[2019-06-03 15:37:27] local.ERROR: include(C:\xampp\htdocs\blog_sistem\vendor\composer/../nesbot/carbon/src/Carbon/Laravel/ServiceProvider.php): failed to open stream: No such file or directory {"exception":"[object] (ErrorException(code: 0): include(C:\\xampp\\htdocs\\blog_sistem\\vendor\\composer/../nesbot/carbon/src/Carbon/Laravel/ServiceProvider.php): failed to open stream: No such file or directory at C:\\xampp\\htdocs\\blog_sistem\\vendor\\composer\\ClassLoader.php:444)
[stacktrace]
#0 C:\\xampp\\htdocs\\blog_sistem\\vendor\\composer\\ClassLoader.php(444): Illuminate\\Foundation\\Bootstrap\\HandleExceptions->handleError(2, 'include(C:\\\\xamp...', 'C:\\\\xampp\\\\htdocs...', 444, Array)
#1 C:\\xampp\\htdocs\\blog_sistem\\vendor\\composer\\ClassLoader.php(444): include()
#2 C:\\xampp\\htdocs\\blog_sistem\\vendor\\composer\\ClassLoader.php(322): Composer\\Autoload\\includeFile('C:\\\\xampp\\\\htdocs...')
#3 [internal function]: Composer\\Autoload\\ClassLoader->loadClass('Carbon\\\\Laravel\\\\...')
#4 C:\\xampp\\htdocs\\blog_sistem\\vendor\\laravel\\framework\\src\\Illuminate\\Foundation\\Application.php(660): spl_autoload_call('Carbon\\\\Laravel\\\\...')
#5 C:\\xampp\\htdocs\\blog_sistem\\vendor\\laravel\\framework\\src\\Illuminate\\Foundation\\Application.php(594): Illuminate\\Foundation\\Application->resolveProvider('Carbon\\\\Laravel\\\\...')
#6 C:\\xampp\\htdocs\\blog_sistem\\vendor\\laravel\\framework\\src\\Illuminate\\Foundation\\ProviderRepository.php(75): Illuminate\\Foundation\\Application->register('Carbon\\\\Laravel\\\\...')
#7 C:\\xampp\\htdocs\\blog_sistem\\vendor\\laravel\\framework\\src\\Illuminate\\Foundation\\Application.php(574): Illuminate\\Foundation\\ProviderRepository->load(Array)
#8 C:\\xampp\\htdocs\\blog_sistem\\vendor\\laravel\\framework\\src\\Illuminate\\Foundation\\Bootstrap\\RegisterProviders.php(17): Illuminate\\Foundation\\Application->registerConfiguredProviders()
#9 C:\\xampp\\htdocs\\blog_sistem\\vendor\\laravel\\framework\\src\\Illuminate\\Foundation\\Application.php(210): Illuminate\\Foundation\\Bootstrap\\RegisterProviders->bootstrap(Object(Illuminate\\Foundation\\Application))
#10 C:\\xampp\\htdocs\\blog_sistem\\vendor\\laravel\\framework\\src\\Illuminate\\Foundation\\Http\\Kernel.php(162): Illuminate\\Foundation\\Application->bootstrapWith(Array)
#11 C:\\xampp\\htdocs\\blog_sistem\\vendor\\laravel\\framework\\src\\Illuminate\\Foundation\\Http\\Kernel.php(146): Illuminate\\Foundation\\Http\\Kernel->bootstrap()
#12 C:\\xampp\\htdocs\\blog_sistem\\vendor\\laravel\\framework\\src\\Illuminate\\Foundation\\Http\\Kernel.php(116): Illuminate\\Foundation\\Http\\Kernel->sendRequestThroughRouter(Object(Illuminate\\Http\\Request))
#13 C:\\xampp\\htdocs\\blog_sistem\\public\\index.php(55): Illuminate\\Foundation\\Http\\Kernel->handle(Object(Illuminate\\Http\\Request))
#14 C:\\xampp\\htdocs\\blog_sistem\\server.php(21): require_once('C:\\\\xampp\\\\htdocs...')
#15 {main}
"} 
[2019-06-03 15:55:06] local.ERROR: Maximum execution time of 60 seconds exceeded {"exception":"[object] (Symfony\\Component\\Debug\\Exception\\FatalErrorException(code: 1): Maximum execution time of 60 seconds exceeded at C:\\xampp\\htdocs\\blog_sistem\\vendor\\laravel\\framework\\src\\Illuminate\\Cookie\\Middleware\\EncryptCookies.php:12)
[stacktrace]
#0 {main}
"} 
[2019-06-03 16:08:32] local.ERROR: Encoding format (tmp) is not supported. {"userId":1,"exception":"[object] (Intervention\\Image\\Exception\\NotSupportedException(code: 0): Encoding format (tmp) is not supported. at C:\\xampp\\htdocs\\blog_sistem\\vendor\\intervention\\image\\src\\Intervention\\Image\\AbstractEncoder.php:170)
[stacktrace]
#0 C:\\xampp\\htdocs\\blog_sistem\\vendor\\intervention\\image\\src\\Intervention\\Image\\AbstractDriver.php(77): Intervention\\Image\\AbstractEncoder->process(Object(Intervention\\Image\\Image), 'tmp', NULL)
#1 C:\\xampp\\htdocs\\blog_sistem\\vendor\\intervention\\image\\src\\Intervention\\Image\\Image.php(119): Intervention\\Image\\AbstractDriver->encode(Object(Intervention\\Image\\Image), 'tmp', NULL)
#2 C:\\xampp\\htdocs\\blog_sistem\\vendor\\intervention\\image\\src\\Intervention\\Image\\Image.php(139): Intervention\\Image\\Image->encode('tmp', NULL)
#3 C:\\xampp\\htdocs\\blog_sistem\\app\\Http\\Controllers\\Admin\\PostController.php(72): Intervention\\Image\\Image->save()
#4 [internal function]: App\\Http\\Controllers\\Admin\\PostController->store(Object(Illuminate\\Http\\Request))
#5 C:\\xampp\\htdocs\\blog_sistem\\vendor\\laravel\\framework\\src\\Illuminate\\Routing\\Controller.php(54): call_user_func_array(Array, Array)
#6 C:\\xampp\\htdocs\\blog_sistem\\vendor\\laravel\\framework\\src\\Illuminate\\Routing\\ControllerDispatcher.php(45): Illuminate\\Routing\\Controller->callAction('store', Array)
#7 C:\\xampp\\htdocs\\blog_sistem\\vendor\\laravel\\framework\\src\\Illuminate\\Routing\\Route.php(219): Illuminate\\Routing\\ControllerDispatcher->dispatch(Object(Illuminate\\Routing\\Route), Object(App\\Http\\Controllers\\Admin\\PostController), 'store')
#8 C:\\xampp\\htdocs\\blog_sistem\\vendor\\laravel\\framework\\src\\Illuminate\\Routing\\Route.php(176): Illuminate\\Routing\\Route->runController()
#9 C:\\xampp\\htdocs\\blog_sistem\\vendor\\laravel\\framework\\src\\Illuminate\\Routing\\Router.php(680): Illuminate\\Routing\\Route->run()
#10 C:\\xampp\\htdocs\\blog_sistem\\vendor\\laravel\\framework\\src\\Illuminate\\Routing\\Pipeline.php(30): Illuminate\\Routing\\Router->Illuminate\\Routing\\{closure}(Object(Illuminate\\Http\\Request))
#11 C:\\xampp\\htdocs\\blog_sistem\\app\\Http\\Middleware\\AdminMiddleware.php(22): Illuminate\\Routing\\Pipeline->Illuminate\\Routing\\{closure}(Object(Illuminate\\Http\\Request))
#12 C:\\xampp\\htdocs\\blog_sistem\\vendor\\laravel\\framework\\src\\Illuminate\\Pipeline\\Pipeline.php(163): App\\Http\\Middleware\\AdminMiddleware->handle(Object(Illuminate\\Http\\Request), Object(Closure))
#13 C:\\xampp\\htdocs\\blog_sistem\\vendor\\laravel\\framework\\src\\Illuminate\\Routing\\Pipeline.php(53): Illuminate\\Pipeline\\Pipeline->Illuminate\\Pipeline\\{closure}(Object(Illuminate\\Http\\Request))
#14 C:\\xampp\\htdocs\\blog_sistem\\vendor\\laravel\\framework\\src\\Illuminate\\Routing\\Middleware\\SubstituteBindings.php(41): Illuminate\\Routing\\Pipeline->Illuminate\\Routing\\{closure}(Object(Illuminate\\Http\\Request))
#15 C:\\xampp\\htdocs\\blog_sistem\\vendor\\laravel\\framework\\src\\Illuminate\\Pipeline\\Pipeline.php(163): Illuminate\\Routing\\Middleware\\SubstituteBindings->handle(Object(Illuminate\\Http\\Request), Object(Closure))
#16 C:\\xampp\\htdocs\\blog_sistem\\vendor\\laravel\\framework\\src\\Illuminate\\Routing\\Pipeline.php(53): Illuminate\\Pipeline\\Pipeline->Illuminate\\Pipeline\\{closure}(Object(Illuminate\\Http\\Request))
#17 C:\\xampp\\htdocs\\blog_sistem\\vendor\\laravel\\framework\\src\\Illuminate\\Auth\\Middleware\\Authenticate.php(43): Illuminate\\Routing\\Pipeline->Illuminate\\Routing\\{closure}(Object(Illuminate\\Http\\Request))
#18 C:\\xampp\\htdocs\\blog_sistem\\vendor\\laravel\\framework\\src\\Illuminate\\Pipeline\\Pipeline.php(163): Illuminate\\Auth\\Middleware\\Authenticate->handle(Object(Illuminate\\Http\\Request), Object(Closure))
#19 C:\\xampp\\htdocs\\blog_sistem\\vendor\\laravel\\framework\\src\\Illuminate\\Routing\\Pipeline.php(53): Illuminate\\Pipeline\\Pipeline->Illuminate\\Pipeline\\{closure}(Object(Illuminate\\Http\\Request))
#20 C:\\xampp\\htdocs\\blog_sistem\\vendor\\laravel\\framework\\src\\Illuminate\\Foundation\\Http\\Middleware\\VerifyCsrfToken.php(75): Illuminate\\Routing\\Pipeline->Illuminate\\Routing\\{closure}(Object(Illuminate\\Http\\Request))
#21 C:\\xampp\\htdocs\\blog_sistem\\vendor\\laravel\\framework\\src\\Illuminate\\Pipeline\\Pipeline.php(163): Illuminate\\Foundation\\Http\\Middleware\\VerifyCsrfToken->handle(Object(Illuminate\\Http\\Request), Object(Closure))
#22 C:\\xampp\\htdocs\\blog_sistem\\vendor\\laravel\\framework\\src\\Illuminate\\Routing\\Pipeline.php(53): Illuminate\\Pipeline\\Pipeline->Illuminate\\Pipeline\\{closure}(Object(Illuminate\\Http\\Request))
#23 C:\\xampp\\htdocs\\blog_sistem\\vendor\\laravel\\framework\\src\\Illuminate\\View\\Middleware\\ShareErrorsFromSession.php(49): Illuminate\\Routing\\Pipeline->Illuminate\\Routing\\{closure}(Object(Illuminate\\Http\\Request))
#24 C:\\xampp\\htdocs\\blog_sistem\\vendor\\laravel\\framework\\src\\Illuminate\\Pipeline\\Pipeline.php(163): Illuminate\\View\\Middleware\\ShareErrorsFromSession->handle(Object(Illuminate\\Http\\Request), Object(Closure))
#25 C:\\xampp\\htdocs\\blog_sistem\\vendor\\laravel\\framework\\src\\Illuminate\\Routing\\Pipeline.php(53): Illuminate\\Pipeline\\Pipeline->Illuminate\\Pipeline\\{closure}(Object(Illuminate\\Http\\Request))
#26 C:\\xampp\\htdocs\\blog_sistem\\vendor\\laravel\\framework\\src\\Illuminate\\Session\\Middleware\\StartSession.php(56): Illuminate\\Routing\\Pipeline->Illuminate\\Routing\\{closure}(Object(Illuminate\\Http\\Request))
#27 C:\\xampp\\htdocs\\blog_sistem\\vendor\\laravel\\framework\\src\\Illuminate\\Pipeline\\Pipeline.php(163): Illuminate\\Session\\Middleware\\StartSession->handle(Object(Illuminate\\Http\\Request), Object(Closure))
#28 C:\\xampp\\htdocs\\blog_sistem\\vendor\\laravel\\framework\\src\\Illuminate\\Routing\\Pipeline.php(53): Illuminate\\Pipeline\\Pipeline->Illuminate\\Pipeline\\{closure}(Object(Illuminate\\Http\\Request))
#29 C:\\xampp\\htdocs\\blog_sistem\\vendor\\laravel\\framework\\src\\Illuminate\\Cookie\\Middleware\\AddQueuedCookiesToResponse.php(37): Illuminate\\Routing\\Pipeline->Illuminate\\Routing\\{closure}(Object(Illuminate\\Http\\Request))
#30 C:\\xampp\\htdocs\\blog_sistem\\vendor\\laravel\\framework\\src\\Illuminate\\Pipeline\\Pipeline.php(163): Illuminate\\Cookie\\Middleware\\AddQueuedCookiesToResponse->handle(Object(Illuminate\\Http\\Request), Object(Closure))
#31 C:\\xampp\\htdocs\\blog_sistem\\vendor\\laravel\\framework\\src\\Illuminate\\Routing\\Pipeline.php(53): Illuminate\\Pipeline\\Pipeline->Illuminate\\Pipeline\\{closure}(Object(Illuminate\\Http\\Request))
#32 C:\\xampp\\htdocs\\blog_sistem\\vendor\\laravel\\framework\\src\\Illuminate\\Cookie\\Middleware\\EncryptCookies.php(66): Illuminate\\Routing\\Pipeline->Illuminate\\Routing\\{closure}(Object(Illuminate\\Http\\Request))
#33 C:\\xampp\\htdocs\\blog_sistem\\vendor\\laravel\\framework\\src\\Illuminate\\Pipeline\\Pipeline.php(163): Illuminate\\Cookie\\Middleware\\EncryptCookies->handle(Object(Illuminate\\Http\\Request), Object(Closure))
#34 C:\\xampp\\htdocs\\blog_sistem\\vendor\\laravel\\framework\\src\\Illuminate\\Routing\\Pipeline.php(53): Illuminate\\Pipeline\\Pipeline->Illuminate\\Pipeline\\{closure}(Object(Illuminate\\Http\\Request))
#35 C:\\xampp\\htdocs\\blog_sistem\\vendor\\laravel\\framework\\src\\Illuminate\\Pipeline\\Pipeline.php(104): Illuminate\\Routing\\Pipeline->Illuminate\\Routing\\{closure}(Object(Illuminate\\Http\\Request))
#36 C:\\xampp\\htdocs\\blog_sistem\\vendor\\laravel\\framework\\src\\Illuminate\\Routing\\Router.php(682): Illuminate\\Pipeline\\Pipeline->then(Object(Closure))
#37 C:\\xampp\\htdocs\\blog_sistem\\vendor\\laravel\\framework\\src\\Illuminate\\Routing\\Router.php(657): Illuminate\\Routing\\Router->runRouteWithinStack(Object(Illuminate\\Routing\\Route), Object(Illuminate\\Http\\Request))
#38 C:\\xampp\\htdocs\\blog_sistem\\vendor\\laravel\\framework\\src\\Illuminate\\Routing\\Router.php(623): Illuminate\\Routing\\Router->runRoute(Object(Illuminate\\Http\\Request), Object(Illuminate\\Routing\\Route))
#39 C:\\xampp\\htdocs\\blog_sistem\\vendor\\laravel\\framework\\src\\Illuminate\\Routing\\Router.php(612): Illuminate\\Routing\\Router->dispatchToRoute(Object(Illuminate\\Http\\Request))
#40 C:\\xampp\\htdocs\\blog_sistem\\vendor\\laravel\\framework\\src\\Illuminate\\Foundation\\Http\\Kernel.php(176): Illuminate\\Routing\\Router->dispatch(Object(Illuminate\\Http\\Request))
#41 C:\\xampp\\htdocs\\blog_sistem\\vendor\\laravel\\framework\\src\\Illuminate\\Routing\\Pipeline.php(30): Illuminate\\Foundation\\Http\\Kernel->Illuminate\\Foundation\\Http\\{closure}(Object(Illuminate\\Http\\Request))
#42 C:\\xampp\\htdocs\\blog_sistem\\vendor\\fideloper\\proxy\\src\\TrustProxies.php(57): Illuminate\\Routing\\Pipeline->Illuminate\\Routing\\{closure}(Object(Illuminate\\Http\\Request))
#43 C:\\xampp\\htdocs\\blog_sistem\\vendor\\laravel\\framework\\src\\Illuminate\\Pipeline\\Pipeline.php(163): Fideloper\\Proxy\\TrustProxies->handle(Object(Illuminate\\Http\\Request), Object(Closure))
#44 C:\\xampp\\htdocs\\blog_sistem\\vendor\\laravel\\framework\\src\\Illuminate\\Routing\\Pipeline.php(53): Illuminate\\Pipeline\\Pipeline->Illuminate\\Pipeline\\{closure}(Object(Illuminate\\Http\\Request))
#45 C:\\xampp\\htdocs\\blog_sistem\\vendor\\laravel\\framework\\src\\Illuminate\\Foundation\\Http\\Middleware\\TransformsRequest.php(21): Illuminate\\Routing\\Pipeline->Illuminate\\Routing\\{closure}(Object(Illuminate\\Http\\Request))
#46 C:\\xampp\\htdocs\\blog_sistem\\vendor\\laravel\\framework\\src\\Illuminate\\Pipeline\\Pipeline.php(163): Illuminate\\Foundation\\Http\\Middleware\\TransformsRequest->handle(Object(Illuminate\\Http\\Request), Object(Closure))
#47 C:\\xampp\\htdocs\\blog_sistem\\vendor\\laravel\\framework\\src\\Illuminate\\Routing\\Pipeline.php(53): Illuminate\\Pipeline\\Pipeline->Illuminate\\Pipeline\\{closure}(Object(Illuminate\\Http\\Request))
#48 C:\\xampp\\htdocs\\blog_sistem\\vendor\\laravel\\framework\\src\\Illuminate\\Foundation\\Http\\Middleware\\TransformsRequest.php(21): Illuminate\\Routing\\Pipeline->Illuminate\\Routing\\{closure}(Object(Illuminate\\Http\\Request))
#49 C:\\xampp\\htdocs\\blog_sistem\\vendor\\laravel\\framework\\src\\Illuminate\\Pipeline\\Pipeline.php(163): Illuminate\\Foundation\\Http\\Middleware\\TransformsRequest->handle(Object(Illuminate\\Http\\Request), Object(Closure))
#50 C:\\xampp\\htdocs\\blog_sistem\\vendor\\laravel\\framework\\src\\Illuminate\\Routing\\Pipeline.php(53): Illuminate\\Pipeline\\Pipeline->Illuminate\\Pipeline\\{closure}(Object(Illuminate\\Http\\Request))
#51 C:\\xampp\\htdocs\\blog_sistem\\vendor\\laravel\\framework\\src\\Illuminate\\Foundation\\Http\\Middleware\\ValidatePostSize.php(27): Illuminate\\Routing\\Pipeline->Illuminate\\Routing\\{closure}(Object(Illuminate\\Http\\Request))
#52 C:\\xampp\\htdocs\\blog_sistem\\vendor\\laravel\\framework\\src\\Illuminate\\Pipeline\\Pipeline.php(163): Illuminate\\Foundation\\Http\\Middleware\\ValidatePostSize->handle(Object(Illuminate\\Http\\Request), Object(Closure))
#53 C:\\xampp\\htdocs\\blog_sistem\\vendor\\laravel\\framework\\src\\Illuminate\\Routing\\Pipeline.php(53): Illuminate\\Pipeline\\Pipeline->Illuminate\\Pipeline\\{closure}(Object(Illuminate\\Http\\Request))
#54 C:\\xampp\\htdocs\\blog_sistem\\vendor\\laravel\\framework\\src\\Illuminate\\Foundation\\Http\\Middleware\\CheckForMaintenanceMode.php(62): Illuminate\\Routing\\Pipeline->Illuminate\\Routing\\{closure}(Object(Illuminate\\Http\\Request))
#55 C:\\xampp\\htdocs\\blog_sistem\\vendor\\laravel\\framework\\src\\Illuminate\\Pipeline\\Pipeline.php(163): Illuminate\\Foundation\\Http\\Middleware\\CheckForMaintenanceMode->handle(Object(Illuminate\\Http\\Request), Object(Closure))
#56 C:\\xampp\\htdocs\\blog_sistem\\vendor\\laravel\\framework\\src\\Illuminate\\Routing\\Pipeline.php(53): Illuminate\\Pipeline\\Pipeline->Illuminate\\Pipeline\\{closure}(Object(Illuminate\\Http\\Request))
#57 C:\\xampp\\htdocs\\blog_sistem\\vendor\\laravel\\framework\\src\\Illuminate\\Pipeline\\Pipeline.php(104): Illuminate\\Routing\\Pipeline->Illuminate\\Routing\\{closure}(Object(Illuminate\\Http\\Request))
#58 C:\\xampp\\htdocs\\blog_sistem\\vendor\\laravel\\framework\\src\\Illuminate\\Foundation\\Http\\Kernel.php(151): Illuminate\\Pipeline\\Pipeline->then(Object(Closure))
#59 C:\\xampp\\htdocs\\blog_sistem\\vendor\\laravel\\framework\\src\\Illuminate\\Foundation\\Http\\Kernel.php(116): Illuminate\\Foundation\\Http\\Kernel->sendRequestThroughRouter(Object(Illuminate\\Http\\Request))
#60 C:\\xampp\\htdocs\\blog_sistem\\public\\index.php(55): Illuminate\\Foundation\\Http\\Kernel->handle(Object(Illuminate\\Http\\Request))
#61 C:\\xampp\\htdocs\\blog_sistem\\server.php(21): require_once('C:\\\\xampp\\\\htdocs...')
#62 {main}
"} 
[2019-06-03 17:06:10] local.ERROR: Maximum execution time of 60 seconds exceeded {"exception":"[object] (Symfony\\Component\\Debug\\Exception\\FatalErrorException(code: 1): Maximum execution time of 60 seconds exceeded at C:\\xampp\\htdocs\\blog_sistem\\vendor\\symfony\\translation\\Formatter\\MessageFormatter.php:22)
[stacktrace]
#0 {main}
"} 
